0 info it worked if it ends with ok
1 verbose cli [ 'C:\\Program Files (x86)\\nodejs\\node.exe',
1 verbose cli   'C:\\Program Files (x86)\\nodejs\\node_modules\\npm\\bin\\npm-cli.js',
1 verbose cli   'run',
1 verbose cli   'build' ]
2 info using npm@3.10.10
3 info using node@v6.11.2
4 verbose run-script [ 'prebuild', 'build', 'postbuild' ]
5 info lifecycle cpe405-assign-firebaseauth@1.0.0~prebuild: cpe405-assign-firebaseauth@1.0.0
6 silly lifecycle cpe405-assign-firebaseauth@1.0.0~prebuild: no script for prebuild, continuing
7 info lifecycle cpe405-assign-firebaseauth@1.0.0~build: cpe405-assign-firebaseauth@1.0.0
8 verbose lifecycle cpe405-assign-firebaseauth@1.0.0~build: unsafe-perm in lifecycle true
9 verbose lifecycle cpe405-assign-firebaseauth@1.0.0~build: PATH: C:\Program Files (x86)\nodejs\node_modules\npm\bin\node-gyp-bin;C:\Users\Moo-NB\Desktop\CPE405-Assignment-Bookmarker\node_modules\.bin;C:\ProgramData\Oracle\Java\javapath;C:\Program Files\Rockwell Software\RSCommon;C:\Windows\system32;C:\Windows;C:\Windows\System32\Wbem;C:\Windows\System32\WindowsPowerShell\v1.0\;C:\Program Files\Intel\WiFi\bin\;C:\Program Files\Common Files\Intel\WirelessCommon\;C:\Program Files (x86)\NVIDIA Corporation\PhysX\Common;C:\Program Files\MATLAB\R2016a\runtime\win64;C:\Program Files\MATLAB\R2016a\bin;C:\Program Files\MATLAB\R2016a\polyspace\bin;C:\Windows\syswow64\config\systemprofile\.dnx\bin;C:\Program Files\Microsoft DNX\Dnvm\;C:\Program Files\Microsoft SQL Server\120\Tools\Binn\;C:\Program Files (x86)\Windows Kits\10\Windows Performance Toolkit\;C:\Program Files\Git\cmd;C:\Program Files\TortoiseGit\bin;C:\xampp\php;C:\ProgramData\ComposerSetup\bin;C:\Program Files (x86)\nodejs\;C:\Program Files\PuTTY\;C:\Ruby24-x64\bin;C:\Windows\system32;C:\Windows;C:\Windows\System32\Wbem;C:\Windows\System32\WindowsPowerShell\v1.0\;C:\Program Files\Intel\WiFi\bin\;C:\Program Files\Common Files\Intel\WirelessCommon\;C:\Program Files (x86)\NVIDIA Corporation\PhysX\Common;C:\Program Files\MATLAB\R2016a\runtime\win64;C:\Program Files\MATLAB\R2016a\bin;C:\Program Files\MATLAB\R2016a\polyspace\bin;C:\Windows\system32\config\systemprofile\.dnx\bin;C:\Program Files\Microsoft DNX\Dnvm\;C:\Program Files\Microsoft SQL Server\120\Tools\Binn\;C:\Program Files (x86)\Windows Kits\10\Windows Performance Toolkit\;C:\Program Files (x86)\nodejs\;C:\Program Files\Git\cmd;C:\Users\Moo-NB\AppData\Local\Microsoft\WindowsApps;C:\Program Files\Intel\WiFi\bin\;C:\Program Files\Common Files\Intel\WirelessCommon\;C:\Python27\;C:\Python27\Scripts;C:\Program Files (x86)\Microsoft VS Code\bin;C:\Users\Moo-NB\AppData\Roaming\Composer\vendor\bin;C:\Users\Moo-NB\AppData\Roaming\npm;C:\Users\Moo-NB\AppData\Local\atom\bin
10 verbose lifecycle cpe405-assign-firebaseauth@1.0.0~build: CWD: C:\Users\Moo-NB\Desktop\CPE405-Assignment-Bookmarker
11 silly lifecycle cpe405-assign-firebaseauth@1.0.0~build: Args: [ '/d /s /c', 'node build/build.js' ]
12 silly lifecycle cpe405-assign-firebaseauth@1.0.0~build: Returned: code: 1  signal: null
13 info lifecycle cpe405-assign-firebaseauth@1.0.0~build: Failed to exec build script
14 verbose stack Error: cpe405-assign-firebaseauth@1.0.0 build: `node build/build.js`
14 verbose stack Exit status 1
14 verbose stack     at EventEmitter.<anonymous> (C:\Program Files (x86)\nodejs\node_modules\npm\lib\utils\lifecycle.js:255:16)
14 verbose stack     at emitTwo (events.js:106:13)
14 verbose stack     at EventEmitter.emit (events.js:191:7)
14 verbose stack     at ChildProcess.<anonymous> (C:\Program Files (x86)\nodejs\node_modules\npm\lib\utils\spawn.js:40:14)
14 verbose stack     at emitTwo (events.js:106:13)
14 verbose stack     at ChildProcess.emit (events.js:191:7)
14 verbose stack     at maybeClose (internal/child_process.js:891:16)
14 verbose stack     at Process.ChildProcess._handle.onexit (internal/child_process.js:226:5)
15 verbose pkgid cpe405-assign-firebaseauth@1.0.0
16 verbose cwd C:\Users\Moo-NB\Desktop\CPE405-Assignment-Bookmarker
17 error Windows_NT 10.0.14393
18 error argv "C:\\Program Files (x86)\\nodejs\\node.exe" "C:\\Program Files (x86)\\nodejs\\node_modules\\npm\\bin\\npm-cli.js" "run" "build"
19 error node v6.11.2
20 error npm  v3.10.10
21 error code ELIFECYCLE
22 error cpe405-assign-firebaseauth@1.0.0 build: `node build/build.js`
22 error Exit status 1
23 error Failed at the cpe405-assign-firebaseauth@1.0.0 build script 'node build/build.js'.
23 error Make sure you have the latest version of node.js and npm installed.
23 error If you do, this is most likely a problem with the cpe405-assign-firebaseauth package,
23 error not with npm itself.
23 error Tell the author that this fails on your system:
23 error     node build/build.js
23 error You can get information on how to open an issue for this project with:
23 error     npm bugs cpe405-assign-firebaseauth
23 error Or if that isn't available, you can get their info via:
23 error     npm owner ls cpe405-assign-firebaseauth
23 error There is likely additional logging output above.
24 verbose exit [ 1, true ]
